<?xml version="1.0" encoding="UTF-8"?>
<!-- Generated by org.testng.reporters.JUnitReportReporter -->
<testsuite hostname="DESKTOP-6Q174MC" name="stepDefs.RunCukesTest" tests="1" failures="0" timestamp="14 Jul 2021 09:50:32 GMT" time="2.937" errors="0">
  <testcase name="runTests" time="2.937" classname="stepDefs.RunCukesTest"/>
</testsuite> <!-- stepDefs.RunCukesTest -->
